0 info it worked if it ends with ok
1 verbose cli [ '/usr/local/bin/node', '/usr/local/bin/npm', 'run', 'tsc:w' ]
2 info using npm@3.8.9
3 info using node@v6.2.0
4 verbose run-script [ 'pretsc:w', 'tsc:w', 'posttsc:w' ]
5 info lifecycle tv-app-lib@0.0.1~pretsc:w: tv-app-lib@0.0.1
6 silly lifecycle tv-app-lib@0.0.1~pretsc:w: no script for pretsc:w, continuing
7 info lifecycle tv-app-lib@0.0.1~tsc:w: tv-app-lib@0.0.1
8 verbose lifecycle tv-app-lib@0.0.1~tsc:w: unsafe-perm in lifecycle true
9 verbose lifecycle tv-app-lib@0.0.1~tsc:w: PATH: /usr/local/lib/node_modules/npm/bin/node-gyp-bin:/Users/a7705470/backup/9Mar 16/Github/Samples/Lib TV App/node_modules/.bin:/usr/local/bin:/usr/local/lib/node_modules/npm/bin/node-gyp-bin:/Users/a7705470/backup/9Mar 16/Github/Samples/Lib TV App/node_modules/.bin:/usr/local/bin:/usr/local/bin:/usr/bin:/bin:/usr/sbin:/sbin
10 verbose lifecycle tv-app-lib@0.0.1~tsc:w: CWD: /Users/a7705470/backup/9Mar 16/Github/Samples/Lib TV App
11 silly lifecycle tv-app-lib@0.0.1~tsc:w: Args: [ '-c', 'tsc -w' ]
12 silly lifecycle tv-app-lib@0.0.1~tsc:w: Returned: code: 1  signal: null
13 info lifecycle tv-app-lib@0.0.1~tsc:w: Failed to exec tsc:w script
14 verbose stack Error: tv-app-lib@0.0.1 tsc:w: `tsc -w`
14 verbose stack Exit status 1
14 verbose stack     at EventEmitter.<anonymous> (/usr/local/lib/node_modules/npm/lib/utils/lifecycle.js:245:16)
14 verbose stack     at emitTwo (events.js:106:13)
14 verbose stack     at EventEmitter.emit (events.js:191:7)
14 verbose stack     at ChildProcess.<anonymous> (/usr/local/lib/node_modules/npm/lib/utils/spawn.js:24:14)
14 verbose stack     at emitTwo (events.js:106:13)
14 verbose stack     at ChildProcess.emit (events.js:191:7)
14 verbose stack     at maybeClose (internal/child_process.js:850:16)
14 verbose stack     at Process.ChildProcess._handle.onexit (internal/child_process.js:215:5)
15 verbose pkgid tv-app-lib@0.0.1
16 verbose cwd /Users/a7705470/backup/9Mar 16/Github/Samples/Lib TV App
17 error Darwin 15.5.0
18 error argv "/usr/local/bin/node" "/usr/local/bin/npm" "run" "tsc:w"
19 error node v6.2.0
20 error npm  v3.8.9
21 error code ELIFECYCLE
22 error tv-app-lib@0.0.1 tsc:w: `tsc -w`
22 error Exit status 1
23 error Failed at the tv-app-lib@0.0.1 tsc:w script 'tsc -w'.
23 error Make sure you have the latest version of node.js and npm installed.
23 error If you do, this is most likely a problem with the tv-app-lib package,
23 error not with npm itself.
23 error Tell the author that this fails on your system:
23 error     tsc -w
23 error You can get information on how to open an issue for this project with:
23 error     npm bugs tv-app-lib
23 error Or if that isn't available, you can get their info via:
23 error     npm owner ls tv-app-lib
23 error There is likely additional logging output above.
24 verbose exit [ 1, true ]
